  Main.cpp
C:\Program Files (x86)\VS projects\Zombie Arena\Main.cpp(20,47): warning C4244: '=': conversion from 'unsigned int' to 'T', possible loss of data
          with
          [
              T=float
          ]
C:\Program Files (x86)\VS projects\Zombie Arena\Main.cpp(21,47): warning C4244: '=': conversion from 'unsigned int' to 'T', possible loss of data
          with
          [
              T=float
          ]
C:\Program Files (x86)\VS projects\Zombie Arena\Main.cpp(23,59): warning C4244: 'argument': conversion from 'T' to 'unsigned int', possible loss of data
          with
          [
              T=float
          ]
C:\Program Files (x86)\VS projects\Zombie Arena\Main.cpp(23,45): warning C4244: 'argument': conversion from 'T' to 'unsigned int', possible loss of data
          with
          [
              T=float
          ]
C:\Program Files (x86)\VS projects\Zombie Arena\Main.cpp(508,60): warning C4244: 'argument': conversion from 'int' to 'T', possible loss of data
          with
          [
              T=float
          ]
  Zombie Arena.vcxproj -> C:\Program Files (x86)\VS projects\Zombie Arena\Debug\Zombie Arena.exe
